[debug] [2017-11-07T22:25:54.817Z] ----------------------------------------------------------------------
[debug] [2017-11-07T22:25:54.833Z] Command:       C:\Program Files\nodejs\node.exe C:\Users\dania\AppData\Roaming\npm\node_modules\firebase-tools\bin\firebase serve
[debug] [2017-11-07T22:25:54.834Z] CLI Version:   3.14.0
[debug] [2017-11-07T22:25:54.834Z] Platform:      win32
[debug] [2017-11-07T22:25:54.834Z] Node Version:  v6.10.3
[debug] [2017-11-07T22:25:54.835Z] Time:          Tue Nov 07 2017 17:25:54 GMT-0500 (Eastern Standard Time)
[debug] [2017-11-07T22:25:54.835Z] ----------------------------------------------------------------------
[debug] 
[debug] [2017-11-07T22:25:54.839Z] > command requires scopes: ["email","openid","https://www.googleapis.com/auth/cloudplatformprojects.readonly","https://www.googleapis.com/auth/firebase","https://www.googleapis.com/auth/cloud-platform"]
[debug] [2017-11-07T22:25:54.839Z] > authorizing via signed-in user
[debug] [2017-11-07T22:25:54.839Z] > refreshing access token with scopes: ["email","https://www.googleapis.com/auth/cloud-platform","https://www.googleapis.com/auth/cloudplatformprojects.readonly","https://www.googleapis.com/auth/firebase","openid"]
[debug] [2017-11-07T22:25:54.839Z] >>> HTTP REQUEST POST https://www.googleapis.com/oauth2/v3/token { refresh_token: '1/OA3si9K157vLdq4R0KFab_D0eNtxfddgXuXu6HrhEtSnsX2fkSbz_gmQon6zj9fE',
  client_id: '563584335869-fgrhgmd47bqnekij5i8b5pr03ho849e6.apps.googleusercontent.com',
  client_secret: 'j9iVZfS8kkCEFUPaAeJV0sAi',
  grant_type: 'refresh_token',
  scope: 'email https://www.googleapis.com/auth/cloud-platform https://www.googleapis.com/auth/cloudplatformprojects.readonly https://www.googleapis.com/auth/firebase openid' } 
 Tue Nov 07 2017 17:25:54 GMT-0500 (Eastern Standard Time)
[debug] [2017-11-07T22:25:55.039Z] <<< HTTP RESPONSE 200
[debug] [2017-11-07T22:25:55.055Z] >>> HTTP REQUEST GET https://admin.firebase.com/v1/projects/easy-lunch-523f4  
 Tue Nov 07 2017 17:25:55 GMT-0500 (Eastern Standard Time)
[debug] [2017-11-07T22:25:55.390Z] <<< HTTP RESPONSE 200
[debug] [2017-11-07T22:25:55.390Z] >>> HTTP REQUEST GET https://admin.firebase.com/v1/database/easy-lunch-523f4/tokens  
 Tue Nov 07 2017 17:25:55 GMT-0500 (Eastern Standard Time)
[debug] [2017-11-07T22:25:55.709Z] <<< HTTP RESPONSE 200
[info] 
[info] === Serving from 'C:\Users\dania\Desktop\Lunch'...
[info] 
[debug] [2017-11-07T22:25:55.709Z] >>> HTTP REQUEST GET https://cloudresourcemanager.googleapis.com/v1/projects/easy-lunch-523f4  
 Tue Nov 07 2017 17:25:55 GMT-0500 (Eastern Standard Time)
[debug] [2017-11-07T22:25:55.994Z] <<< HTTP RESPONSE 200
[debug] [2017-11-07T22:25:55.994Z] >>> HTTP REQUEST GET https://mobilesdk-pa.googleapis.com/v1/projects/286970043586/clients/_:getWebAppConfig  
 Tue Nov 07 2017 17:25:55 GMT-0500 (Eastern Standard Time)
[debug] [2017-11-07T22:25:56.295Z] <<< HTTP RESPONSE 200
[info] i  hosting: Serving hosting files from: public
[info] +  hosting: Local server: http://localhost:5000

